<?xml version="1.0" encoding="UTF-8"?>
<!-- Generated by org.testng.reporters.JUnitReportReporter -->
<testsuite hostname="Midhuns-MacBook-Pro.local" failures="0" tests="1" name="Academy.ValidateTitle" time="0.083" errors="0" timestamp="2022-01-21T21:07:37 IST" skipped="0">
  <testcase classname="Academy.ValidateTitle" name="TitleCheck" time="0.083"/>
  <system-out/>
</testsuite> <!-- Academy.ValidateTitle -->
