<?xml version="1.0" encoding="UTF-8"?>
<!-- Generated by org.testng.reporters.JUnitReportReporter -->
<testsuite hostname="Midhuns-MacBook-Pro.local" failures="0" tests="2" name="Academy.HomePageTest" time="18.144" errors="0" timestamp="2022-01-21T21:07:37 IST" skipped="0">
  <testcase classname="Academy.HomePageTest" name="basePageNavigation" time="10.571"/>
  <system-out/>
  <testcase classname="Academy.HomePageTest" name="basePageNavigation" time="7.573"/>
  <system-out/>
</testsuite> <!-- Academy.HomePageTest -->
