<?xml version="1.0" encoding="UTF-8"?>
<!-- Generated by org.testng.reporters.JUnitReportReporter -->
<testsuite hostname="Midhuns-MacBook-Pro.local" failures="0" tests="1" name="Academy.ValidateNavigationBar" time="0.044" errors="0" timestamp="2022-01-21T21:07:37 IST" skipped="0">
  <testcase classname="Academy.ValidateNavigationBar" name="NavigationBarCheck" time="0.044"/>
  <system-out/>
</testsuite> <!-- Academy.ValidateNavigationBar -->
